Arguments: 
  /usr/local/Cellar/nvm/0.29.0/versions/node/v6.2.1/bin/node /usr/local/opt/nvm/versions/node/v6.2.1/bin/yarn install

PATH: 
  /usr/local/opt/nvm/versions/node/v6.2.1/bin:/Users/brucelee/npm-global/bin:/Users/brucelee/.gem/ruby/2.1.6/bin:/Users/brucelee/.rubies/ruby-2.1.6/lib/ruby/gems/2.1.0/bin:/Users/brucelee/.rubies/ruby-2.1.6/bin:/usr/local/bin:/usr/bin:/bin:/usr/sbin:/sbin:/opt/X11/bin:/usr/local/sbin:./node_modules/.bin

Yarn version: 
  0.17.2

Node version: 
  6.2.1

Platform: 
  darwin x64

npm manifest: 
  {
    "name": "hello-world",
    "version": "0.1.0",
    "private": true,
    "devDependencies": {
      "react-scripts": "0.6.1"
    },
    "dependencies": {
      "aphrodite": "^0.6.0",
      "crossfilter": "^1.3.12",
      "d3": "^3.5.6",
      "elasticsearch": "^12.0.1",
      "lodash": "^3.5.0",
      "react": "^15.3.2",
      "react-dom": "^15.3.2",
      "react-spinkit": "^1.1.11",
      "searchkit": "^0.10.1"
    },
    "scripts": {
      "start": "react-scripts start",
      "build": "react-scripts build",
      "test": "react-scripts test --env=jsdom",
      "eject": "react-scripts eject"
    }
  }

yarn manifest: 
  No manifest

Lockfile: 
  No lockfile

Trace: 
  Error: ENOENT: no such file or directory, lstat '/Users/brucelee/Library/Caches/Yarn/npm-qs-6.0.1-021d15292d77510e89742c434b10eb7b191fae65'
      at Error (native)
